synthesis:  version Diamond (64-bit) 3.12.1.454

Copyright (c) 1991-1994 by NeoCAD Inc. All rights reserved.
Copyright (c) 1995 AT&T Corp.   All rights reserved.
Copyright (c) 1995-2001 Lucent Technologies Inc.  All rights reserved.
Copyright (c) 2001 Agere Systems   All rights reserved.
Copyright (c) 2002-2020 Lattice Semiconductor Corporation,  All rights reserved.
Wed Aug 17 12:52:43 2022


Command Line:  synthesis -f HelloWorld_impl1_lattice.synproj -gui 

Synthesis options:
The -a option is MachXO2.
The -s option is 4.
The -t option is TQFP144.
The -d option is LCMXO2-7000HE.
Using package TQFP144.
Using performance grade 4.
                                                          

##########################################################

### Lattice Family : MachXO2

### Device  : LCMXO2-7000HE

### Package : TQFP144

### Speed   : 4

##########################################################

                                                          

INFO - synthesis: User-Selected Strategy Settings
Optimization goal = Balanced
The -top option is not used.
Target frequency = 200.000000 MHz.
Maximum fanout = 1000.
Timing path count = 3
BRAM utilization = 100.000000 %
DSP usage = true
DSP utilization = 100.000000 %
fsm_encoding_style = auto
resolve_mixed_drivers = 0
fix_gated_clocks = 1

Mux style = Auto
Use Carry Chain = true
carry_chain_length = 0
Loop Limit = 1950.
Use IO Insertion = TRUE
Use IO Reg = AUTO

Resource Sharing = TRUE
Propagate Constants = TRUE
Remove Duplicate Registers = TRUE
force_gsr = auto
ROM style = auto
RAM style = auto
The -comp option is FALSE.
The -syn option is FALSE.
-p C:/Users/shena/Documents/LATTICE Diamond/HelloWorld (searchpath added)
-p C:/lscc/diamond/3.12/ispfpga/xo2c00/data (searchpath added)
-p C:/Users/shena/Documents/LATTICE Diamond/HelloWorld/impl1 (searchpath added)
-p C:/Users/shena/Documents/LATTICE Diamond/HelloWorld (searchpath added)
Verilog design file = C:/Users/shena/Documents/LATTICE Diamond/HelloWorld/top.v
NGD file = HelloWorld_impl1.ngd
-sdc option: SDC file input not used.
-lpf option: Output file option is ON.
Hardtimer checking is enabled (default). The -dt option is not used.
The -r option is OFF. [ Remove LOC Properties is OFF. ]
WARNING - synthesis: Setting top as the top-level module. To specify the top-level module explicitly, use the -top option.
Technology check ok...

Analyzing Verilog file C:/lscc/diamond/3.12/ispfpga/userware/NT/SYNTHESIS_HEADERS/machxo2.v. VERI-1482
Compile design.
Compile Design Begin
Analyzing Verilog file c:/users/shena/documents/lattice diamond/helloworld/top.v. VERI-1482
Analyzing Verilog file C:/lscc/diamond/3.12/ispfpga/userware/NT/SYNTHESIS_HEADERS/machxo2.v. VERI-1482
Top module name (Verilog): top
INFO - synthesis: c:/users/shena/documents/lattice diamond/helloworld/top.v(1): compiling module top. VERI-1018
INFO - synthesis: C:/lscc/diamond/3.12/ispfpga/userware/NT/SYNTHESIS_HEADERS/machxo2.v(1793): compiling module OSCH(NOM_FREQ="133.00"). VERI-1018
INFO - synthesis: c:/users/shena/documents/lattice diamond/helloworld/top.v(12): compiling module slow_counter. VERI-1018
Loading NGL library 'C:/lscc/diamond/3.12/ispfpga/xo2c00a/data/xo2alib.ngl'...
Loading NGL library 'C:/lscc/diamond/3.12/ispfpga/xo2c00/data/xo2clib.ngl'...
Loading NGL library 'C:/lscc/diamond/3.12/ispfpga/mg5g00/data/mg5glib.ngl'...
Loading NGL library 'C:/lscc/diamond/3.12/ispfpga/or5g00/data/orc5glib.ngl'...
Loading device for application map from file 'xo2c7000.nph' in environment: C:/lscc/diamond/3.12/ispfpga.
Package Status:                     Final          Version 1.39.
Top-level module name = top.



GSR will not be inferred because no asynchronous signal was found in the netlist.
Applying 200.000000 MHz constraint to all clocks

WARNING - synthesis: No user .sdc file.
Results of NGD DRC are available in top_drc.log.
Loading NGL library 'C:/lscc/diamond/3.12/ispfpga/xo2c00a/data/xo2alib.ngl'...
Loading NGL library 'C:/lscc/diamond/3.12/ispfpga/xo2c00/data/xo2clib.ngl'...
Loading NGL library 'C:/lscc/diamond/3.12/ispfpga/mg5g00/data/mg5glib.ngl'...
Loading NGL library 'C:/lscc/diamond/3.12/ispfpga/or5g00/data/orc5glib.ngl'...
All blocks are expanded and NGD expansion is successful.
Writing NGD file HelloWorld_impl1.ngd.

################### Begin Area Report (top)######################
Number of register bits => 40 of 7209 (0 % )
CCU2D => 17
FD1P3AX => 32
FD1P3AY => 8
GSR => 1
IB => 1
LUT4 => 8
OB => 8
OSCH => 1
################### End Area Report ##################

################### Begin BlackBox Report ######################
TSALL => 1
################### End BlackBox Report ##################

################### Begin Clock Report ######################
Clock Nets
Number of Clocks: 1
  Net : fpga_clock, loads : 40
Clock Enable Nets
Number of Clock Enables: 1
Top 1 highest fanout Clock Enables:
  Net : pushbutton_c, loads : 1
Highest fanout non-clock nets
Top 10 highest fanout non-clock nets:
  Net : pushbutton_c, loads : 40
  Net : counter/counter_28, loads : 2
  Net : counter/counter_27, loads : 2
  Net : counter/counter_26, loads : 2
  Net : counter/counter_25, loads : 2
  Net : counter/counter_24, loads : 2
  Net : counter/counter_31, loads : 2
  Net : counter/counter_30, loads : 2
  Net : counter/counter_29, loads : 2
  Net : counter/output_byte_7_N_73_4, loads : 1
################### End Clock Report ##################

Timing Report Summary
--------------
--------------------------------------------------------------------------------
Constraint                              |   Constraint|       Actual|Levels
--------------------------------------------------------------------------------
                                        |             |             |
create_clock -period 5.000000 -name     |             |             |
clk0 [get_nets fpga_clock]              |  200.000 MHz|  151.837 MHz|    18 *
                                        |             |             |
--------------------------------------------------------------------------------


1 constraints not met.


Peak Memory Usage: 57.883  MB

--------------------------------------------------------------
Elapsed CPU time for LSE flow : 0.438  secs
--------------------------------------------------------------
